Arguments: 
  /home/kurt/.nvm/versions/node/v16.4.2/bin/node /home/kurt/.nvm/versions/node/v16.4.2/lib/node_modules/@sanity/cli/vendor/yarn install --json --non-interactive --ignore-engines --registry https://registry.npmjs.org

PATH: 
  /home/kurt/.nvm/versions/node/v16.4.2/lib/node_modules/vendor:/home/kurt/.vscode-server/bin/899d46d82c4c95423fb7e10e68eba52050e30ba3/bin:/home/kurt/.nvm/versions/node/v16.4.2/bin:/usr/local/sbin:/usr/local/bin:/usr/sbin:/usr/bin:/sbin:/bin:/usr/games:/usr/local/games:/usr/lib/wsl/lib:/mnt/c/Program Files (x86)/Google/Chrome/Application:/mnt/c/Program Files/7-Zip:/mnt/c/Users/KurtLekanger/AppData/Local/Microsoft/WindowsApps:/mnt/c/Users/KurtLekanger/AppData/Local/Programs/Microsoft VS Code/bin:/mnt/c/php:/mnt/c/Program Files/dotnet/:/mnt/c/Program Files/Docker/Docker/resources/bin:/mnt/c/ProgramData/DockerDesktop/version-bin:/mnt/c/Program Files/NVIDIA Corporation/NVIDIA NvDLISR:/mnt/c/WINDOWS/system32:/mnt/c/WINDOWS:/mnt/c/WINDOWS/System32/Wbem:/mnt/c/WINDOWS/System32/WindowsPowerShell/v1.0/:/mnt/c/WINDOWS/System32/OpenSSH/:/mnt/c/Program Files (x86)/NVIDIA Corporation/PhysX/Common:/mnt/c/Program Files/PowerShell/7/:/mnt/c/Program Files/Git/cmd:/mnt/c/Users/KurtLekanger/AppData/Local/Microsoft/WindowsApps:/mnt/c/Users/KurtLekanger/AppData/Local/Programs/Microsoft VS Code/bin:/mnt/c/php:/mnt/c/Program Files/7-Zip:/mnt/c/Users/KurtLekanger/.dotnet/tools

Yarn version: 
  1.22.10

Node version: 
  16.4.2

Platform: 
  linux x64

Trace: 
  Error: ENOTDIR: not a directory, lstat '/home/kurt/wsl-code/Kurt_projects/kurt-new-portfolio-sanity-gatsby/sanity-gatsby-portfolio/studio/node_modules/react-ace/dist/react-ace.js/main.js'

npm manifest: 
  {
    "private": true,
    "name": "sanity-gatsby-portfolio-studio",
    "version": "1.0.1",
    "main": "package.json",
    "author": "Sanity <hello@sanity.io>",
    "scripts": {
      "dev": "sanity start",
      "format": "prettier-eslint --write \"**/*.js\" \"!node_modules/**\"",
      "build": "sanity build",
      "graphql-deploy": "sanity graphql deploy --playground",
      "lint": "eslint .",
      "test": "sanity check"
    },
    "dependencies": {
      "@sanity/base": "^2.25.0",
      "@sanity/cli": "^2.25.0",
      "@sanity/code-input": "^2.25.0",
      "@sanity/components": "^2.14.0",
      "@sanity/core": "^2.25.0",
      "@sanity/dashboard": "^2.25.0",
      "@sanity/default-layout": "^2.25.0",
      "@sanity/default-login": "^2.24.1",
      "@sanity/desk-tool": "^2.25.0",
      "@sanity/vision": "^2.25.0",
      "date-fns": "^1.30.1",
      "prop-types": "^15.7.2",
      "react": "^17.0.2",
      "react-dom": "^17.0.2",
      "sanity-plugin-dashboard-widget-document-list": "^0.0.10",
      "sanity-plugin-dashboard-widget-netlify": "^1.2.1",
      "styled-components": "^5.3.3"
    },
    "devDependencies": {
      "babel-eslint": "^10.0.1",
      "eslint": "^7.3.0",
      "eslint-config-standard": "^14.1.1",
      "eslint-config-standard-react": "^9.2.0",
      "eslint-plugin-import": "^2.17.2",
      "eslint-plugin-node": "^11.1.0",
      "eslint-plugin-promise": "^4.1.1",
      "eslint-plugin-react": "^7.13.0",
      "eslint-plugin-standard": "^4.0.0",
      "prettier-eslint-cli": "^5.0.0"
    }
  }

yarn manifest: 
  No manifest

Lockfile: 
  No lockfile
